{"C:\\Users\\vinic\\OneDrive\\Documentos\\Projetos de Estudo\\EstudoBack\\clean-js\\src\\application\\buscar-usuario-por-cpf.usecase.js": {"path":"C:\\Users\\vinic\\OneDrive\\Documentos\\Projetos de Estudo\\EstudoBack\\clean-js\\src\\application\\buscar-usuario-por-cpf.usecase.js","all":false,"statementMap":{"0":{"start":{"line":1,"column":0},"end":{"line":1,"column":57}},"1":{"start":{"line":2,"column":0},"end":{"line":2,"column":0}},"2":{"start":{"line":3,"column":0},"end":{"line":3,"column":76}},"3":{"start":{"line":4,"column":0},"end":{"line":4,"column":70}},"4":{"start":{"line":5,"column":0},"end":{"line":5,"column":35}},"5":{"start":{"line":6,"column":0},"end":{"line":6,"column":73}},"6":{"start":{"line":7,"column":0},"end":{"line":7,"column":64}},"7":{"start":{"line":8,"column":0},"end":{"line":8,"column":92}},"8":{"start":{"line":9,"column":0},"end":{"line":9,"column":34}},"9":{"start":{"line":10,"column":0},"end":{"line":10,"column":6}},"10":{"start":{"line":11,"column":0},"end":{"line":11,"column":1}}},"s":{"0":1,"1":1,"2":1,"3":4,"4":3,"5":3,"6":2,"7":2,"8":2,"9":3,"10":3},"branchMap":{"0":{"type":"branch","line":3,"loc":{"start":{"line":3,"column":17},"end":{"line":11,"column":1}},"locations":[{"start":{"line":3,"column":17},"end":{"line":11,"column":1}}]},"1":{"type":"branch","line":4,"loc":{"start":{"line":4,"column":28},"end":{"line":4,"column":70}},"locations":[{"start":{"line":4,"column":28},"end":{"line":4,"column":70}}]},"2":{"type":"branch","line":4,"loc":{"start":{"line":4,"column":69},"end":{"line":11,"column":1}},"locations":[{"start":{"line":4,"column":69},"end":{"line":11,"column":1}}]},"3":{"type":"branch","line":5,"loc":{"start":{"line":5,"column":11},"end":{"line":10,"column":5}},"locations":[{"start":{"line":5,"column":11},"end":{"line":10,"column":5}}]},"4":{"type":"branch","line":6,"loc":{"start":{"line":6,"column":13},"end":{"line":6,"column":73}},"locations":[{"start":{"line":6,"column":13},"end":{"line":6,"column":73}}]},"5":{"type":"branch","line":6,"loc":{"start":{"line":6,"column":72},"end":{"line":10,"column":5}},"locations":[{"start":{"line":6,"column":72},"end":{"line":10,"column":5}}]}},"b":{"0":[4],"1":[1],"2":[3],"3":[3],"4":[1],"5":[2]},"fnMap":{"0":{"name":"buscarUsuarioPorCPFUseCase","decl":{"start":{"line":3,"column":17},"end":{"line":11,"column":1}},"loc":{"start":{"line":3,"column":17},"end":{"line":11,"column":1}},"line":3}},"f":{"0":4}}
,"C:\\Users\\vinic\\OneDrive\\Documentos\\Projetos de Estudo\\EstudoBack\\clean-js\\src\\application\\cadastrar-usuario.usecase.js": {"path":"C:\\Users\\vinic\\OneDrive\\Documentos\\Projetos de Estudo\\EstudoBack\\clean-js\\src\\application\\cadastrar-usuario.usecase.js","all":false,"statementMap":{"0":{"start":{"line":1,"column":0},"end":{"line":1,"column":47}},"1":{"start":{"line":2,"column":0},"end":{"line":2,"column":54}},"2":{"start":{"line":3,"column":0},"end":{"line":3,"column":0}},"3":{"start":{"line":4,"column":0},"end":{"line":4,"column":0}},"4":{"start":{"line":5,"column":0},"end":{"line":5,"column":0}},"5":{"start":{"line":6,"column":0},"end":{"line":6,"column":75}},"6":{"start":{"line":7,"column":0},"end":{"line":7,"column":69}},"7":{"start":{"line":8,"column":0},"end":{"line":8,"column":71}},"8":{"start":{"line":9,"column":0},"end":{"line":9,"column":81}},"9":{"start":{"line":10,"column":0},"end":{"line":10,"column":83}},"10":{"start":{"line":11,"column":0},"end":{"line":11,"column":101}},"11":{"start":{"line":12,"column":0},"end":{"line":12,"column":104}},"12":{"start":{"line":13,"column":0},"end":{"line":13,"column":66}},"13":{"start":{"line":14,"column":0},"end":{"line":14,"column":118}},"14":{"start":{"line":15,"column":0},"end":{"line":15,"column":107}},"15":{"start":{"line":16,"column":0},"end":{"line":16,"column":101}},"16":{"start":{"line":17,"column":0},"end":{"line":17,"column":109}},"17":{"start":{"line":18,"column":0},"end":{"line":18,"column":0}},"18":{"start":{"line":19,"column":0},"end":{"line":19,"column":43}},"19":{"start":{"line":20,"column":0},"end":{"line":20,"column":26}},"20":{"start":{"line":21,"column":0},"end":{"line":21,"column":16}},"21":{"start":{"line":22,"column":0},"end":{"line":22,"column":21}},"22":{"start":{"line":23,"column":0},"end":{"line":23,"column":21}},"23":{"start":{"line":24,"column":0},"end":{"line":24,"column":17}},"24":{"start":{"line":25,"column":0},"end":{"line":25,"column":11}},"25":{"start":{"line":26,"column":0},"end":{"line":26,"column":34}},"26":{"start":{"line":27,"column":0},"end":{"line":27,"column":0}},"27":{"start":{"line":28,"column":0},"end":{"line":28,"column":6}},"28":{"start":{"line":29,"column":0},"end":{"line":29,"column":1}}},"s":{"0":1,"1":1,"2":1,"3":1,"4":1,"5":1,"6":5,"7":4,"8":4,"9":4,"10":3,"11":4,"12":2,"13":2,"14":2,"15":2,"16":4,"17":1,"18":1,"19":1,"20":1,"21":1,"22":1,"23":1,"24":1,"25":1,"26":1,"27":4,"28":4},"branchMap":{"0":{"type":"branch","line":6,"loc":{"start":{"line":6,"column":17},"end":{"line":29,"column":1}},"locations":[{"start":{"line":6,"column":17},"end":{"line":29,"column":1}}]},"1":{"type":"branch","line":7,"loc":{"start":{"line":7,"column":27},"end":{"line":7,"column":69}},"locations":[{"start":{"line":7,"column":27},"end":{"line":7,"column":69}}]},"2":{"type":"branch","line":7,"loc":{"start":{"line":7,"column":68},"end":{"line":29,"column":1}},"locations":[{"start":{"line":7,"column":68},"end":{"line":29,"column":1}}]},"3":{"type":"branch","line":8,"loc":{"start":{"line":8,"column":11},"end":{"line":28,"column":5}},"locations":[{"start":{"line":8,"column":11},"end":{"line":28,"column":5}}]},"4":{"type":"branch","line":9,"loc":{"start":{"line":9,"column":41},"end":{"line":9,"column":48}},"locations":[{"start":{"line":9,"column":41},"end":{"line":9,"column":48}}]},"5":{"type":"branch","line":9,"loc":{"start":{"line":9,"column":48},"end":{"line":9,"column":60}},"locations":[{"start":{"line":9,"column":48},"end":{"line":9,"column":60}}]},"6":{"type":"branch","line":9,"loc":{"start":{"line":9,"column":60},"end":{"line":9,"column":72}},"locations":[{"start":{"line":9,"column":60},"end":{"line":9,"column":72}}]},"7":{"type":"branch","line":9,"loc":{"start":{"line":9,"column":72},"end":{"line":9,"column":81}},"locations":[{"start":{"line":9,"column":72},"end":{"line":9,"column":81}}]},"8":{"type":"branch","line":10,"loc":{"start":{"line":10,"column":24},"end":{"line":10,"column":83}},"locations":[{"start":{"line":10,"column":24},"end":{"line":10,"column":83}}]},"9":{"type":"branch","line":11,"loc":{"start":{"line":11,"column":-2},"end":{"line":12,"column":54}},"locations":[{"start":{"line":11,"column":-2},"end":{"line":12,"column":54}}]},"10":{"type":"branch","line":12,"loc":{"start":{"line":12,"column":54},"end":{"line":12,"column":104}},"locations":[{"start":{"line":12,"column":54},"end":{"line":12,"column":104}}]},"11":{"type":"branch","line":12,"loc":{"start":{"line":12,"column":103},"end":{"line":17,"column":56}},"locations":[{"start":{"line":12,"column":103},"end":{"line":17,"column":56}}]},"12":{"type":"branch","line":17,"loc":{"start":{"line":17,"column":56},"end":{"line":28,"column":5}},"locations":[{"start":{"line":17,"column":56},"end":{"line":28,"column":5}}]}},"b":{"0":[5],"1":[1],"2":[4],"3":[4],"4":[3],"5":[3],"6":[3],"7":[3],"8":[1],"9":[3],"10":[1],"11":[2],"12":[1]},"fnMap":{"0":{"name":"cadastrarUsuarioUseCase","decl":{"start":{"line":6,"column":17},"end":{"line":29,"column":1}},"loc":{"start":{"line":6,"column":17},"end":{"line":29,"column":1}},"line":6}},"f":{"0":5}}
,"C:\\Users\\vinic\\OneDrive\\Documentos\\Projetos de Estudo\\EstudoBack\\clean-js\\src\\shared\\errors\\AppError.js": {"path":"C:\\Users\\vinic\\OneDrive\\Documentos\\Projetos de Estudo\\EstudoBack\\clean-js\\src\\shared\\errors\\AppError.js","all":false,"statementMap":{"0":{"start":{"line":1,"column":0},"end":{"line":1,"column":47}},"1":{"start":{"line":2,"column":0},"end":{"line":2,"column":24}},"2":{"start":{"line":3,"column":0},"end":{"line":3,"column":19}},"3":{"start":{"line":4,"column":0},"end":{"line":4,"column":27}},"4":{"start":{"line":5,"column":0},"end":{"line":5,"column":4}},"5":{"start":{"line":6,"column":0},"end":{"line":6,"column":69}},"6":{"start":{"line":7,"column":0},"end":{"line":7,"column":91}},"7":{"start":{"line":8,"column":0},"end":{"line":8,"column":54}},"8":{"start":{"line":9,"column":0},"end":{"line":9,"column":1}}},"s":{"0":1,"1":1,"2":10,"3":10,"4":10,"5":1,"6":3,"7":1,"8":1},"branchMap":{"0":{"type":"branch","line":2,"loc":{"start":{"line":2,"column":3},"end":{"line":5,"column":4}},"locations":[{"start":{"line":2,"column":3},"end":{"line":5,"column":4}}]},"1":{"type":"branch","line":6,"loc":{"start":{"line":6,"column":3},"end":{"line":8,"column":52}},"locations":[{"start":{"line":6,"column":3},"end":{"line":8,"column":52}}]}},"b":{"0":[10],"1":[3]},"fnMap":{"0":{"name":"AppError","decl":{"start":{"line":2,"column":3},"end":{"line":5,"column":4}},"loc":{"start":{"line":2,"column":3},"end":{"line":5,"column":4}},"line":2},"1":{"name":"<static_initializer>","decl":{"start":{"line":6,"column":3},"end":{"line":8,"column":52}},"loc":{"start":{"line":6,"column":3},"end":{"line":8,"column":52}},"line":6}},"f":{"0":10,"1":3}}
,"C:\\Users\\vinic\\OneDrive\\Documentos\\Projetos de Estudo\\EstudoBack\\clean-js\\src\\shared\\errors\\Either.js": {"path":"C:\\Users\\vinic\\OneDrive\\Documentos\\Projetos de Estudo\\EstudoBack\\clean-js\\src\\shared\\errors\\Either.js","all":false,"statementMap":{"0":{"start":{"line":1,"column":0},"end":{"line":1,"column":3}},"1":{"start":{"line":2,"column":0},"end":{"line":2,"column":109}},"2":{"start":{"line":3,"column":0},"end":{"line":3,"column":3}},"3":{"start":{"line":4,"column":0},"end":{"line":4,"column":0}},"4":{"start":{"line":5,"column":0},"end":{"line":5,"column":0}},"5":{"start":{"line":6,"column":0},"end":{"line":6,"column":30}},"6":{"start":{"line":7,"column":0},"end":{"line":7,"column":29}},"7":{"start":{"line":8,"column":0},"end":{"line":8,"column":25}},"8":{"start":{"line":9,"column":0},"end":{"line":9,"column":27}},"9":{"start":{"line":10,"column":0},"end":{"line":10,"column":6}},"10":{"start":{"line":11,"column":0},"end":{"line":11,"column":0}},"11":{"start":{"line":12,"column":0},"end":{"line":12,"column":22}},"12":{"start":{"line":13,"column":0},"end":{"line":13,"column":36}},"13":{"start":{"line":14,"column":0},"end":{"line":14,"column":6}},"14":{"start":{"line":15,"column":0},"end":{"line":15,"column":24}},"15":{"start":{"line":16,"column":0},"end":{"line":16,"column":37}},"16":{"start":{"line":17,"column":0},"end":{"line":17,"column":6}},"17":{"start":{"line":18,"column":0},"end":{"line":18,"column":0}},"18":{"start":{"line":19,"column":0},"end":{"line":19,"column":34}},"19":{"start":{"line":20,"column":0},"end":{"line":20,"column":51}},"20":{"start":{"line":21,"column":0},"end":{"line":21,"column":6}},"21":{"start":{"line":22,"column":0},"end":{"line":22,"column":0}},"22":{"start":{"line":23,"column":0},"end":{"line":23,"column":36}},"23":{"start":{"line":24,"column":0},"end":{"line":24,"column":49}},"24":{"start":{"line":25,"column":0},"end":{"line":25,"column":6}},"25":{"start":{"line":26,"column":0},"end":{"line":26,"column":4}},"26":{"start":{"line":27,"column":0},"end":{"line":27,"column":1}}},"s":{"0":1,"1":1,"2":1,"3":1,"4":1,"5":1,"6":1,"7":5,"8":5,"9":5,"10":1,"11":1,"12":2,"13":2,"14":1,"15":3,"16":3,"17":1,"18":1,"19":2,"20":2,"21":1,"22":1,"23":2,"24":2,"25":1,"26":1},"branchMap":{"0":{"type":"branch","line":7,"loc":{"start":{"line":7,"column":4},"end":{"line":10,"column":6}},"locations":[{"start":{"line":7,"column":4},"end":{"line":10,"column":6}}]},"1":{"type":"branch","line":12,"loc":{"start":{"line":12,"column":11},"end":{"line":14,"column":6}},"locations":[{"start":{"line":12,"column":11},"end":{"line":14,"column":6}}]},"2":{"type":"branch","line":15,"loc":{"start":{"line":15,"column":11},"end":{"line":17,"column":6}},"locations":[{"start":{"line":15,"column":11},"end":{"line":17,"column":6}}]},"3":{"type":"branch","line":19,"loc":{"start":{"line":19,"column":11},"end":{"line":21,"column":6}},"locations":[{"start":{"line":19,"column":11},"end":{"line":21,"column":6}}]},"4":{"type":"branch","line":23,"loc":{"start":{"line":23,"column":11},"end":{"line":25,"column":6}},"locations":[{"start":{"line":23,"column":11},"end":{"line":25,"column":6}}]}},"b":{"0":[5],"1":[2],"2":[3],"3":[2],"4":[2]},"fnMap":{"0":{"name":"Either","decl":{"start":{"line":7,"column":4},"end":{"line":10,"column":6}},"loc":{"start":{"line":7,"column":4},"end":{"line":10,"column":6}},"line":7},"1":{"name":"Left","decl":{"start":{"line":12,"column":11},"end":{"line":14,"column":6}},"loc":{"start":{"line":12,"column":11},"end":{"line":14,"column":6}},"line":12},"2":{"name":"Right","decl":{"start":{"line":15,"column":11},"end":{"line":17,"column":6}},"loc":{"start":{"line":15,"column":11},"end":{"line":17,"column":6}},"line":15},"3":{"name":"CPFjaCadastrado","decl":{"start":{"line":19,"column":11},"end":{"line":21,"column":6}},"loc":{"start":{"line":19,"column":11},"end":{"line":21,"column":6}},"line":19},"4":{"name":"EmailJaCadastrado","decl":{"start":{"line":23,"column":11},"end":{"line":25,"column":6}},"loc":{"start":{"line":23,"column":11},"end":{"line":25,"column":6}},"line":23}},"f":{"0":5,"1":2,"2":3,"3":2,"4":2}}
,"C:\\Users\\vinic\\OneDrive\\Documentos\\Projetos de Estudo\\EstudoBack\\clean-js\\src\\shared\\errors\\index.js": {"path":"C:\\Users\\vinic\\OneDrive\\Documentos\\Projetos de Estudo\\EstudoBack\\clean-js\\src\\shared\\errors\\index.js","all":false,"statementMap":{"0":{"start":{"line":1,"column":0},"end":{"line":1,"column":39}},"1":{"start":{"line":2,"column":0},"end":{"line":2,"column":35}},"2":{"start":{"line":3,"column":0},"end":{"line":3,"column":0}},"3":{"start":{"line":4,"column":0},"end":{"line":4,"column":37}}},"s":{"0":1,"1":1,"2":1,"3":1},"branchMap":{},"b":{},"fnMap":{},"f":{}}
}
