TN:
SF:src\application\buscar-usuario-por-cpf.usecase.js
FN:3,buscarUsuarioPorCPFUseCase
FNF:1
FNH:1
FNDA:1,buscarUsuarioPorCPFUseCase
DA:1,1
DA:2,1
DA:3,1
DA:4,1
DA:5,1
DA:6,1
DA:7,1
DA:8,1
DA:9,1
LF:9
LH:9
BRDA:3,0,0,1
BRDA:4,1,0,1
BRF:2
BRH:2
end_of_record
TN:
SF:src\application\cadastrar-usuario.usecase.js
FN:6,cadastrarUsuarioUseCase
FNF:1
FNH:1
FNDA:5,cadastrarUsuarioUseCase
DA:1,1
DA:2,1
DA:3,1
DA:4,1
DA:5,1
DA:6,1
DA:7,5
DA:8,4
DA:9,4
DA:10,4
DA:11,3
DA:12,4
DA:13,2
DA:14,2
DA:15,2
DA:16,2
DA:17,4
DA:18,1
DA:19,1
DA:20,1
DA:21,1
DA:22,1
DA:23,1
DA:24,1
DA:25,1
DA:26,1
DA:27,1
DA:28,4
DA:29,4
LF:29
LH:29
BRDA:6,0,0,5
BRDA:7,1,0,1
BRDA:7,2,0,4
BRDA:8,3,0,4
BRDA:9,4,0,3
BRDA:9,5,0,3
BRDA:9,6,0,3
BRDA:9,7,0,3
BRDA:10,8,0,1
BRDA:11,9,0,3
BRDA:12,10,0,1
BRDA:12,11,0,2
BRDA:17,12,0,1
BRF:13
BRH:13
end_of_record
TN:
SF:src\shared\errors\AppError.js
FN:2,AppError
FN:6,<static_initializer>
FNF:2
FNH:2
FNDA:6,AppError
FNDA:3,<static_initializer>
DA:1,1
DA:2,1
DA:3,6
DA:4,6
DA:5,6
DA:6,1
DA:7,3
DA:8,1
DA:9,1
LF:9
LH:9
BRDA:2,0,0,6
BRDA:6,1,0,3
BRF:2
BRH:2
end_of_record
TN:
SF:src\shared\errors\Either.js
FN:7,Either
FN:12,Left
FN:15,Right
FN:19,CPFjaCadastrado
FN:23,EmailJaCadastrado
FNF:5
FNH:5
FNDA:4,Either
FNDA:2,Left
FNDA:2,Right
FNDA:2,CPFjaCadastrado
FNDA:2,EmailJaCadastrado
DA:1,1
DA:2,1
DA:3,1
DA:4,1
DA:5,1
DA:6,1
DA:7,1
DA:8,4
DA:9,4
DA:10,4
DA:11,1
DA:12,1
DA:13,2
DA:14,2
DA:15,1
DA:16,2
DA:17,2
DA:18,1
DA:19,1
DA:20,2
DA:21,2
DA:22,1
DA:23,1
DA:24,2
DA:25,2
DA:26,1
DA:27,1
LF:27
LH:27
BRDA:7,0,0,4
BRDA:12,1,0,2
BRDA:15,2,0,2
BRDA:19,3,0,2
BRDA:23,4,0,2
BRF:5
BRH:5
end_of_record
TN:
SF:src\shared\errors\index.js
FNF:0
FNH:0
DA:1,1
DA:2,1
DA:3,1
DA:4,1
LF:4
LH:4
BRF:0
BRH:0
end_of_record
