TN:
SF:src\application\cadastrar-usuario.usecase.js
FN:5,cadastrarUsuarioUseCase
FNF:1
FNH:1
FNDA:3,cadastrarUsuarioUseCase
DA:1,1
DA:2,1
DA:3,1
DA:4,1
DA:5,1
DA:6,3
DA:7,2
DA:8,2
DA:9,2
DA:10,1
DA:11,1
DA:12,1
DA:13,1
DA:14,1
DA:15,1
DA:16,1
DA:17,2
DA:18,2
LF:18
LH:18
BRDA:5,0,0,3
BRDA:6,1,0,1
BRDA:6,2,0,2
BRDA:7,3,0,2
BRDA:8,4,0,1
BRDA:8,5,0,1
BRDA:8,6,0,1
BRDA:8,7,0,1
BRDA:9,8,0,1
BRF:9
BRH:9
end_of_record
TN:
SF:src\shared\errors\AppError.js
FN:2,AppError
FN:6,<static_initializer>
FNF:2
FNH:2
FNDA:6,AppError
FNDA:2,<static_initializer>
DA:1,1
DA:2,1
DA:3,6
DA:4,6
DA:5,6
DA:6,1
DA:7,2
DA:8,1
LF:8
LH:8
BRDA:2,0,0,6
BRDA:6,1,0,2
BRF:2
BRH:2
end_of_record
